2016-07-21 06:15:02.221 [pool-2-thread-1] INFO  utils.LogFileManager - operation: async Decrypt a file/folder started on file:WWW.DOWNVIDS.NET-DNCE - Cake By The Ocean.mp3
2016-07-21 06:15:02.220 [pool-2-thread-4] INFO  utils.LogFileManager - operation: async Decrypt a file/folder started on file:WWW.DOWNVIDS.NET-Mike Posner - I Took A Pill In Ibiza (Seeb Remix) (Explicit).mp3
2016-07-21 06:15:02.221 [pool-2-thread-2] INFO  utils.LogFileManager - operation: async Decrypt a file/folder started on file:WWW.DOWNVIDS.NET-David Guetta Feat. Kelly Rowland - When Love Takes Over (Official Video).mp3
2016-07-21 06:15:02.222 [pool-2-thread-2] INFO  utils.LogFileManager - operation: async Decrypt a file/folder started on file:WWW.DOWNVIDS.NET-Meghan Trainor - NO.mp3
2016-07-21 06:15:02.222 [pool-2-thread-4] INFO  utils.LogFileManager - operation: async Decrypt a file/folder started on file:WWW.DOWNVIDS.NET-The Colourist - We Won't Go Home (The Jane Doze Remix).mp3
2016-07-21 06:15:02.222 [pool-2-thread-2] INFO  utils.LogFileManager - operation: async Decrypt a file/folder started on file:WWW.DOWNVIDS.NET-Rihanna feat. Drake - Work (Bad Royale Remix).mp3
2016-07-21 06:15:02.222 [pool-2-thread-4] INFO  utils.LogFileManager - operation: async Decrypt a file/folder started on file:WWW.DOWNVIDS.NET-Punchline -Universe- with lyrics.mp3
2016-07-21 06:15:02.223 [pool-2-thread-2] INFO  utils.LogFileManager - operation: async Decrypt a file/folder started on file:WWW.DOWNVIDS.NET-Taylor Berrett - Hypnotize Me (Official Music Video).mp3
2016-07-21 06:15:02.223 [pool-2-thread-4] INFO  utils.LogFileManager - operation: async Decrypt a file/folder started on file:WWW.DOWNVIDS.NET-Tegan and Sara - Closer [OFFICIAL HD MUSIC VIDEO].mp3
2016-07-21 06:15:02.222 [pool-2-thread-1] INFO  utils.LogFileManager - operation: async Decrypt a file/folder started on file:WWW.DOWNVIDS.NET-Gin Blossoms - Hey Jealousy.mp3
2016-07-21 06:15:02.223 [pool-2-thread-2] INFO  utils.LogFileManager - operation: async Decrypt a file/folder started on file:WWW.DOWNVIDS.NET-Major Lazer - Light It Up (feat. Nyla & Fuse ODG) [Remix] (Official Lyric Video).mp3
2016-07-21 06:15:02.223 [pool-2-thread-4] INFO  utils.LogFileManager - operation: async Decrypt a file/folder started on file:WWW.DOWNVIDS.NET--First Punch- by Nothing More- Lyric Video.mp3
2016-07-21 06:15:02.223 [pool-2-thread-1] INFO  utils.LogFileManager - operation: async Decrypt a file/folder started on file:WWW.DOWNVIDS.NET-Otto Knows - Dying For You (ft. Lindsey Stirling and Alex Aris) - OFFICIAL VIDEO.mp3
2016-07-21 06:15:02.223 [pool-2-thread-2] INFO  utils.LogFileManager - operation: async Decrypt a file/folder started on file:WWW.DOWNVIDS.NET-Teddybears - Cobrastyle.mp3
2016-07-21 06:15:02.223 [pool-2-thread-4] INFO  utils.LogFileManager - operation: async Decrypt a file/folder started on file:WWW.DOWNVIDS.NET-OK Go - Here It Goes Again.mp3
2016-07-21 06:15:02.223 [pool-2-thread-1] INFO  utils.LogFileManager - operation: async Decrypt a file/folder started on file:WWW.DOWNVIDS.NET-David Guetta - Bang My Head (Official Video) feat Sia & Fetty Wap.mp3
2016-07-21 06:15:02.223 [pool-2-thread-2] INFO  utils.LogFileManager - operation: async Decrypt a file/folder started on file:WWW.DOWNVIDS.NET-Justin Bieber - Company (Audio).mp3
2016-07-21 06:15:02.223 [pool-2-thread-4] INFO  utils.LogFileManager - operation: async Decrypt a file/folder started on file:WWW.DOWNVIDS.NET-Elle King - Ex's & Oh's (Official Video).mp3
2016-07-21 06:15:02.223 [pool-2-thread-1] INFO  utils.LogFileManager - operation: async Decrypt a file/folder started on file:WWW.DOWNVIDS.NET-Zara Larsson, MNEK - Never Forget You.mp3
2016-07-21 06:15:02.223 [pool-2-thread-2] INFO  utils.LogFileManager - operation: async Decrypt a file/folder started on file:WWW.DOWNVIDS.NET-Avicii - Levels (Radio Edit).mp3
2016-07-21 06:15:02.223 [pool-2-thread-4] INFO  utils.LogFileManager - operation: async Decrypt a file/folder started on file:WWW.DOWNVIDS.NET-Alex Metric - It Starts.mp3
2016-07-21 06:15:02.223 [pool-2-thread-2] INFO  utils.LogFileManager - operation: async Decrypt a file/folder started on file:WWW.DOWNVIDS.NET-Alex Clare - Treading Water.mp3
2016-07-21 06:15:02.223 [pool-2-thread-4] INFO  utils.LogFileManager - operation: async Decrypt a file/folder started on file:WWW.DOWNVIDS.NET-Ellie Goulding - Something In The Way You Move.mp3
2016-07-21 06:15:02.223 [pool-2-thread-2] INFO  utils.LogFileManager - operation: async Decrypt a file/folder started on file:WWW.DOWNVIDS.NET-Basement Jaxx - Good Luck feat. Lisa Kekaula ( Official Video ) Kish Kash.mp3
2016-07-21 06:15:02.223 [pool-2-thread-4] INFO  utils.LogFileManager - operation: async Decrypt a file/folder started on file:WWW.DOWNVIDS.NET-Baby Blue - RUN feat Wretch 32 Official video.mp3
2016-07-21 06:15:02.223 [pool-2-thread-2] INFO  utils.LogFileManager - operation: async Decrypt a file/folder started on file:WWW.DOWNVIDS.NET-Newsboys - Fishers Of Men (Lyric Video).mp3
2016-07-21 06:15:02.223 [pool-2-thread-4] INFO  utils.LogFileManager - operation: async Decrypt a file/folder started on file:WWW.DOWNVIDS.NET-Jimmy Eat World - Pain.mp3
2016-07-21 06:15:02.224 [pool-2-thread-2] INFO  utils.LogFileManager - operation: async Decrypt a file/folder started on file:WWW.DOWNVIDS.NET-Jonas Blue - Fast Car ft. Dakota.mp3
2016-07-21 06:15:02.224 [pool-2-thread-4] INFO  utils.LogFileManager - operation: async Decrypt a file/folder started on file:WWW.DOWNVIDS.NET-Otto Knows - Million Voices.mp3
2016-07-21 06:15:02.224 [pool-2-thread-2] INFO  utils.LogFileManager - operation: async Decrypt a file/folder started on file:WWW.DOWNVIDS.NET-Kygo - Stay ft. Maty Noyes.mp3
2016-07-21 06:15:02.224 [pool-2-thread-4] INFO  utils.LogFileManager - operation: async Decrypt a file/folder started on file:WWW.DOWNVIDS.NET-Flo Rida - My House [Official Video].mp3
2016-07-21 06:15:02.224 [pool-2-thread-2] INFO  utils.LogFileManager - operation: async Decrypt a file/folder started on file:WWW.DOWNVIDS.NET-Primal Scream - Beautiful Future (full album).mp3
2016-07-21 06:15:02.224 [pool-2-thread-4] INFO  utils.LogFileManager - operation: async Decrypt a file/folder started on file:WWW.DOWNVIDS.NET-The Black Eyed Peas - Pump It.mp3
2016-07-21 06:15:02.224 [pool-2-thread-2] INFO  utils.LogFileManager - operation: async Decrypt a file/folder started on file:WWW.DOWNVIDS.NET-Shoffy - Takes My Body Higher (feat. Lincoln Jesser).mp3
2016-07-21 06:15:02.224 [pool-2-thread-4] INFO  utils.LogFileManager - operation: async Decrypt a file/folder started on file:WWW.DOWNVIDS.NET-DJ Snake, Lil Jon - Turn Down for What.mp3
2016-07-21 06:15:02.224 [pool-2-thread-2] INFO  utils.LogFileManager - operation: async Decrypt a file/folder started on file:WWW.DOWNVIDS.NET-Blutengel -You Walk Away-.mp3
2016-07-21 06:15:02.223 [pool-2-thread-1] INFO  utils.LogFileManager - operation: async Decrypt a file/folder started on file:WWW.DOWNVIDS.NET-The Chainsmokers - Roses (Audio) ft. ROZES.mp3
2016-07-21 06:15:02.224 [pool-2-thread-4] INFO  utils.LogFileManager - operation: async Decrypt a file/folder started on file:WWW.DOWNVIDS.NET-Sia - Cheap Thrills (Lyric Video) ft. Sean Paul.mp3
2016-07-21 06:15:02.220 [pool-2-thread-5] INFO  utils.LogFileManager - operation: async Decrypt a file/folder started on file:WWW.DOWNVIDS.NET-Celeste Buckingham - RUN RUN RUN (Official VideoClip).mp3
2016-07-21 06:15:02.224 [pool-2-thread-2] INFO  utils.LogFileManager - operation: async Decrypt a file/folder started on file:WWW.DOWNVIDS.NET-ZHU x Skrillex x THEY. - Working For It (Audio).mp3
2016-07-21 06:15:02.224 [pool-2-thread-1] INFO  utils.LogFileManager - operation: async Decrypt a file/folder started on file:WWW.DOWNVIDS.NET-DJ Snake, Lil Jon - Turn Down for What (1).mp3
2016-07-21 06:15:02.224 [pool-2-thread-4] INFO  utils.LogFileManager - operation: async Decrypt a file/folder started on file:WWW.DOWNVIDS.NET-Rihanna - We Found Love ft. Calvin Harris.mp3
2016-07-21 06:15:02.224 [pool-2-thread-2] INFO  utils.LogFileManager - operation: async Decrypt a file/folder started on file:WWW.DOWNVIDS.NET-The Vaccines - Miracle (Audio).mp3
2016-07-21 06:15:02.224 [pool-2-thread-5] INFO  utils.LogFileManager - operation: async Decrypt a file/folder started on file:WWW.DOWNVIDS.NET-Placebo - Rob The Bank (ALTERNATE DIRECTOR VERSION).mp3
2016-07-21 06:15:02.224 [pool-2-thread-2] INFO  utils.LogFileManager - operation: async Decrypt a file/folder started on file:WWW.DOWNVIDS.NET-AtellaGali - Close To Your Love ft. Amanda Renee.mp3
2016-07-21 06:15:02.224 [pool-2-thread-1] INFO  utils.LogFileManager - operation: async Decrypt a file/folder started on file:WWW.DOWNVIDS.NET-Diplo & Sleepy Tom - Be Right There.mp3
2016-07-21 06:15:02.224 [pool-2-thread-2] INFO  utils.LogFileManager - operation: async Decrypt a file/folder started on file:WWW.DOWNVIDS2.mp3
2016-07-21 06:15:02.225 [pool-2-thread-1] INFO  utils.LogFileManager - operation: async Decrypt a file/folder started on file:WWW.DOWNVIDS.NET-Fergie - Fergalicious.mp3
2016-07-21 06:15:02.225 [pool-2-thread-2] INFO  utils.LogFileManager - operation: async Decrypt a file/folder started on file:WWW.DOWNVIDS.NET-Kelly Clarkson - My Life Would Suck Without You.mp3
2016-07-21 06:15:02.225 [pool-2-thread-1] INFO  utils.LogFileManager - operation: async Decrypt a file/folder started on file:WWW.DOWNVIDS5.mp3
2016-07-21 06:15:02.225 [pool-2-thread-1] INFO  utils.LogFileManager - operation: async Decrypt a file/folder started on file:WWW.DOWNVIDS.NET-Gold Guns Girls [Official Music Video] - METRIC.mp3
2016-07-21 06:15:02.225 [pool-2-thread-1] INFO  utils.LogFileManager - operation: async Decrypt a file/folder started on file:WWW.DOWNVIDS.NET-Fall Out Boy - Centuries (Official Video).mp3
2016-07-21 06:15:02.225 [pool-2-thread-1] INFO  utils.LogFileManager - operation: async Decrypt a file/folder started on file:WWW.DOWNVIDS.NET-ZAYN - LIKE I WOULD (Audio).mp3
2016-07-21 06:15:02.225 [pool-2-thread-1] INFO  utils.LogFileManager - operation: async Decrypt a file/folder started on file:WWW.DOWNVIDS.NET-Birdy - Keeping Your Head Up (Don Diablo Remix).mp3
2016-07-21 06:15:02.225 [pool-2-thread-1] INFO  utils.LogFileManager - operation: async Decrypt a file/folder started on file:WWW.DOWNVIDS.NET-Chingy Featuring Ludacris And Snoop Dogg - Holidae In.mp3
2016-07-21 06:15:02.225 [pool-2-thread-1] INFO  utils.LogFileManager - operation: async Decrypt a file/folder started on file:WWW.DOWNVIDS.NET-Stereophonics - She's Alright.mp3
2016-07-21 06:15:02.225 [pool-2-thread-1] INFO  utils.LogFileManager - operation: async Decrypt a file/folder started on file:WWW.DOWNVIDS.NET-Pitbull, Ne-Yo - Time Of Our Lives.mp3
2016-07-21 06:15:02.226 [pool-2-thread-1] INFO  utils.LogFileManager - operation: async Decrypt a file/folder started on file:WWW.DOWNVIDS.NET-U2 Vertigo (Radio Edit).mp3
2016-07-21 06:15:02.226 [pool-2-thread-1] INFO  utils.LogFileManager - operation: async Decrypt a file/folder started on file:WWW.DOWNVIDS.NET-Alessia Cara - Wild Things.mp3
2016-07-21 06:15:02.226 [pool-2-thread-1] INFO  utils.LogFileManager - operation: async Decrypt a file/folder started on file:WWW.DOWNVIDS.NET-Zara Larsson - Lush Life.mp3
2016-07-21 06:15:02.226 [pool-2-thread-1] INFO  utils.LogFileManager - operation: async Decrypt a file/folder started on file:WWW.DOWNVIDS.NET-Foo Fighters - Back & Forth.mp3
2016-07-21 06:15:02.220 [pool-2-thread-3] INFO  utils.LogFileManager - operation: async Decrypt a file/folder started on file:WWW.DOWNVIDS.NET-Cheat Codes x Kris Kross Amsterdam - SEX (Official Music Video).mp3
2016-07-21 06:15:02.227 [pool-2-thread-3] INFO  utils.LogFileManager - operation: async Decrypt a file/folder started on file:WWW.DOWNVIDS.NET-David Guetta - Hey Mama (Official Video) ft Nicki Minaj, Bebe Rexha & Afrojack.mp3
2016-07-21 06:15:02.228 [pool-2-thread-3] INFO  utils.LogFileManager - operation: async Decrypt a file/folder started on file:WWW.DOWNVIDS.NET-Icona Pop - Someone Who Can Dance (Audio).mp3
2016-07-21 06:15:02.228 [pool-2-thread-3] INFO  utils.LogFileManager - operation: async Decrypt a file/folder started on file:WWW.DOWNVIDS3.mp3
2016-07-21 06:15:02.229 [pool-2-thread-3] INFO  utils.LogFileManager - operation: async Decrypt a file/folder started on file:WWW.DOWNVIDS.mp3
2016-07-21 06:15:02.229 [pool-2-thread-3] INFO  utils.LogFileManager - operation: async Decrypt a file/folder started on file:WWW.DOWNVIDS.NET-Timeflies - Once In A While (Lyric Video).mp3
2016-07-21 06:15:02.229 [pool-2-thread-3] INFO  utils.LogFileManager - operation: async Decrypt a file/folder started on file:WWW.DOWNVIDS.NET - Be Right There.mp3
2016-07-21 06:15:02.229 [pool-2-thread-3] INFO  utils.LogFileManager - operation: async Decrypt a file/folder started on file:WWW.DOWNVIDS.NET-Rihanna - Don't Stop The Music.mp3
2016-07-21 06:15:02.229 [pool-2-thread-3] INFO  utils.LogFileManager - operation: async Decrypt a file/folder started on file:WWW.DOWNVIDS.NET-CATCALL- The World Is Ours.mp3
2016-07-21 06:15:02.229 [pool-2-thread-3] INFO  utils.LogFileManager - operation: async Decrypt a file/folder started on file:WWW.DOWNVIDS.NET-The Man Who Never Lied Lyrics Maroon 5.mp3
2016-07-21 06:15:02.229 [pool-2-thread-3] INFO  utils.LogFileManager - operation: async Decrypt a file/folder started on file:WWW.DOWNVIDS.NET-Bloc Party - Truth (Official Video).mp3
2016-07-21 06:15:02.229 [pool-2-thread-3] INFO  utils.LogFileManager - operation: async Decrypt a file/folder started on file:WWW.DOWNVIDS.NET-Kanye West - POWER.mp3
2016-07-21 06:15:02.230 [pool-2-thread-3] INFO  utils.LogFileManager - operation: async Decrypt a file/folder started on file:WWW.DOWNVIDS.NET-5. Drake-I'm Goin In(Ft.Lil Wayne & Young Jeezy).mp3
2016-07-21 06:15:02.230 [pool-2-thread-3] INFO  utils.LogFileManager - operation: async Decrypt a file/folder started on file:WWW.DOWNVIDS.NET-Eric Hutchinson - A Little More (Official).mp3
2016-07-21 06:15:02.230 [pool-2-thread-3] INFO  utils.LogFileManager - operation: async Decrypt a file/folder started on file:WWW.DOWNVIDS.NET-Rudimental - Waiting All Night ft. Ella Eyre [Official Video].mp3
2016-07-21 06:15:02.230 [pool-2-thread-3] INFO  utils.LogFileManager - operation: async Decrypt a file/folder started on file:WWW.DOWNVIDS.NET-Missy Elliott feat. Ciara & Fat Man Scoop - Lose Control + On & On.mp3
2016-07-21 06:15:02.230 [pool-2-thread-3] INFO  utils.LogFileManager - operation: async Decrypt a file/folder started on file:WWW.DOWNVIDS.NET-Ty Dolla $ign - Saved ft. E-40 [Music Video].mp3
2016-07-21 06:15:02.230 [pool-2-thread-3] INFO  utils.LogFileManager - operation: async Decrypt a file/folder started on file:WWW.DOWNVIDS.NET-Rage Against The Machine - Killing In the Name.mp3
2016-07-21 06:15:02.230 [pool-2-thread-3] INFO  utils.LogFileManager - operation: async Decrypt a file/folder started on file:WWW.DOWNVIDS.NET-Flo Rida - Good Feeling [Official Video].mp3
2016-07-21 06:15:02.230 [pool-2-thread-3] INFO  utils.LogFileManager - operation: async Decrypt a file/folder started on file:WWW.DOWNVIDS.NET-P!nk - So What.mp3
2016-07-21 06:15:02.230 [pool-2-thread-3] INFO  utils.LogFileManager - operation: async Decrypt a file/folder started on file:WWW.DOWNVIDS.NET-Imagine Dragons - Shots (Broiler Remix).mp3
2016-07-21 06:15:02.233 [pool-2-thread-5] INFO  utils.LogFileManager - operation: async Decrypt a file/folder started on file:WWW.DOWNVIDS.NET-DJ Snake - Middle (Audio) ft. Bipolar Sunshine.mp3
2016-07-21 06:15:02.233 [pool-2-thread-5] INFO  utils.LogFileManager - operation: async Decrypt a file/folder started on file:WWW.DOWNVIDS.NET-All Night Long (feat. Missy Elliott & Timbaland) - Demi Lovato [Official Audio].mp3
2016-07-21 06:15:02.233 [pool-2-thread-5] INFO  utils.LogFileManager - operation: async Decrypt a file/folder started on file:WWW.DOWNVIDS.NET-Era Istrefi - Bonbon (Official Video).mp3
2016-07-21 06:15:02.233 [pool-2-thread-5] INFO  utils.LogFileManager - operation: async Decrypt a file/folder started on file:WWW.DOWNVIDS.NET-Vampire Weekend Unbelievers Lyric Music Video.mp3
2016-07-21 06:15:02.233 [pool-2-thread-5] INFO  utils.LogFileManager - operation: async Decrypt a file/folder started on file:WWW.DOWNVIDS.NET-Kitten - Japanese Eyes [Official Video].mp3
2016-07-21 06:15:02.234 [pool-2-thread-5] INFO  utils.LogFileManager - operation: async Decrypt a file/folder started on file:WWW.DOWNVIDS.NET-PVRIS - You and I (Official Music Video).mp3
2016-07-21 06:15:02.234 [pool-2-thread-5] INFO  utils.LogFileManager - operation: async Decrypt a file/folder started on file:WWW.DOWNVIDS.NET-Iggy Azalea - Team (Dance Video).mp3
2016-07-21 06:15:02.234 [pool-2-thread-5] INFO  utils.LogFileManager - operation: async Decrypt a file/folder started on file:WWW.DOWNVIDS.NET-Swedish House Mafia - Greyhound (Original Mix).mp3
2016-07-21 06:15:02.234 [pool-2-thread-5] INFO  utils.LogFileManager - operation: async Decrypt a file/folder started on file:WWW.DOWNVIDS.NET-DJ Khaled - All I Do Is Win ft. T-Pain, Ludacris, Rick Ross, Snoop Dogg.mp3
2016-07-21 06:15:02.234 [pool-2-thread-5] INFO  utils.LogFileManager - operation: async Decrypt a file/folder started on file:WWW.DOWNVIDS.NET-Shawn Hook - Sound Of Your Heart.mp3
2016-07-21 06:15:02.234 [pool-2-thread-5] INFO  utils.LogFileManager - operation: async Decrypt a file/folder started on file:WWW.DOWNVIDS.NET-DMX - X Gon Give It To Ya (Dirty).mp3
2016-07-21 06:15:02.234 [pool-2-thread-5] INFO  utils.LogFileManager - operation: async Decrypt a file/folder started on file:WWW.DOWNVIDS.NET-Fort Minor ft. Styles Of Beyond - Remember The Name (Official Music Video) [Full HD 1080p].mp3
2016-07-21 06:15:02.234 [pool-2-thread-5] INFO  utils.LogFileManager - operation: async Decrypt a file/folder started on file:WWW.DOWNVIDS.NET-The Chainsmokers - Roses (Audio) ft. ROZES (1).mp3
2016-07-21 06:15:02.235 [pool-2-thread-5] INFO  utils.LogFileManager - operation: async Decrypt a file/folder started on file:WWW.DOWNVIDS.NET-HAIM - Don't Save Me.mp3
2016-07-21 06:15:02.235 [pool-2-thread-5] INFO  utils.LogFileManager - operation: async Decrypt a file/folder started on file:WWW.DOWNVIDS.NET-The Chainsmokers - Don't Let Me Down (Audio) ft. Daya.mp3
2016-07-21 06:15:02.235 [pool-2-thread-5] INFO  utils.LogFileManager - operation: async Decrypt a file/folder started on file:WWW.DOWNVIDS.NET-Yellow Claw & DJ Mustard - In My Room (feat. Ty Dolla $ign & Tyga) [Official Music Video].mp3
2016-07-21 06:15:02.235 [pool-2-thread-5] INFO  utils.LogFileManager - operation: async Decrypt a file/folder started on file:WWW.DOWNVIDS.NET-Panic! At The Disco- Collar Full (Audio).mp3
2016-07-21 06:15:02.235 [pool-2-thread-5] INFO  utils.LogFileManager - operation: async Decrypt a file/folder started on file:WWW.DOWNVIDS.NET-Faithless - Salva Mea 2.0 (Above & Beyond Remix).mp3
2016-07-21 06:15:02.235 [pool-2-thread-5] INFO  utils.LogFileManager - operation: async Decrypt a file/folder started on file:WWW.DOWNVIDS.NET-Robin Schulz - Sugar (feat. Francesco Yates) (OFFICIAL MUSIC VIDEO).mp3
2016-07-21 06:15:02.318 [pool-2-thread-2] INFO  utils.LogFileManager - operation on file : /home/mzeus/Music/Mor/encrypted/WWW.DOWNVIDS.NET-Meghan Trainor - NO.mp3ended, took: 110
2016-07-21 06:15:02.318 [pool-2-thread-2] INFO  utils.LogFileManager - operation on file : /home/mzeus/Music/Mor/encrypted/WWW.DOWNVIDS.NET-Primal Scream - Beautiful Future (full album).mp3ended, took: 111
2016-07-21 06:15:02.318 [pool-2-thread-2] INFO  utils.LogFileManager - operation on file : /home/mzeus/Music/Mor/encrypted/WWW.DOWNVIDS.NET-ZHU x Skrillex x THEY. - Working For It (Audio).mp3ended, took: 111
2016-07-21 06:15:02.330 [pool-2-thread-1] INFO  utils.LogFileManager - operation on file : /home/mzeus/Music/Mor/encrypted/WWW.DOWNVIDS.NET-ZAYN - LIKE I WOULD (Audio).mp3ended, took: 123
2016-07-21 06:15:02.330 [pool-2-thread-1] INFO  utils.LogFileManager - operation on file : /home/mzeus/Music/Mor/encrypted/WWW.DOWNVIDS.NET-Zara Larsson - Lush Life.mp3ended, took: 123
2016-07-21 06:15:02.702 [pool-2-thread-1] INFO  utils.LogFileManager - operation on file : /home/mzeus/Music/Mor/encrypted/WWW.DOWNVIDS.NET-Zara Larsson, MNEK - Never Forget You.mp3ended, took: 495
2016-07-21 06:16:13.291 [pool-2-thread-3] INFO  utils.LogFileManager - operation on file : /home/mzeus/Music/Mor/encrypted/WWW.DOWNVIDS.NET-Kanye West - POWER.mp3ended, took: 71084
2016-07-21 06:16:43.667 [pool-2-thread-2] INFO  utils.LogFileManager - operation on file : /home/mzeus/Music/Mor/encrypted/WWW.DOWNVIDS.NET-Major Lazer - Light It Up (feat. Nyla & Fuse ODG) [Remix] (Official Lyric Video).mp3ended, took: 101460
2016-07-21 06:16:44.688 [pool-2-thread-4] INFO  utils.LogFileManager - operation on file : /home/mzeus/Music/Mor/encrypted/WWW.DOWNVIDS.NET-Jimmy Eat World - Pain.mp3ended, took: 102481
2016-07-21 06:16:46.418 [pool-2-thread-4] INFO  utils.LogFileManager - operation on file : /home/mzeus/Music/Mor/encrypted/WWW.DOWNVIDS.NET-OK Go - Here It Goes Again.mp3ended, took: 104211
2016-07-21 06:16:48.648 [pool-2-thread-4] INFO  utils.LogFileManager - operation on file : /home/mzeus/Music/Mor/encrypted/WWW.DOWNVIDS.NET-Otto Knows - Million Voices.mp3ended, took: 106441
2016-07-21 06:16:50.871 [pool-2-thread-2] INFO  utils.LogFileManager - operation on file : /home/mzeus/Music/Mor/encrypted/WWW.DOWNVIDS.NET-Teddybears - Cobrastyle.mp3ended, took: 108664
2016-07-21 06:16:52.110 [pool-2-thread-4] INFO  utils.LogFileManager - operation on file : /home/mzeus/Music/Mor/encrypted/WWW.DOWNVIDS.NET-Flo Rida - My House [Official Video].mp3ended, took: 109902
2016-07-21 06:16:53.046 [pool-2-thread-4] INFO  utils.LogFileManager - operation on file : /home/mzeus/Music/Mor/encrypted/WWW.DOWNVIDS.NET-Alex Metric - It Starts.mp3ended, took: 110839
2016-07-21 06:16:55.003 [pool-2-thread-4] INFO  utils.LogFileManager - operation on file : /home/mzeus/Music/Mor/encrypted/WWW.DOWNVIDS.NET--First Punch- by Nothing More- Lyric Video.mp3ended, took: 112796
2016-07-21 06:16:55.791 [pool-2-thread-2] INFO  utils.LogFileManager - operation on file : /home/mzeus/Music/Mor/encrypted/WWW.DOWNVIDS.NET-Newsboys - Fishers Of Men (Lyric Video).mp3ended, took: 113584
2016-07-21 06:16:56.227 [pool-2-thread-1] INFO  utils.LogFileManager - operation on file : /home/mzeus/Music/Mor/encrypted/WWW.DOWNVIDS.NET-U2 Vertigo (Radio Edit).mp3ended, took: 114020
2016-07-21 06:16:57.021 [pool-2-thread-4] INFO  utils.LogFileManager - operation on file : /home/mzeus/Music/Mor/encrypted/WWW.DOWNVIDS.NET-Punchline -Universe- with lyrics.mp3ended, took: 114814
2016-07-21 06:16:59.010 [pool-2-thread-4] INFO  utils.LogFileManager - operation on file : /home/mzeus/Music/Mor/encrypted/WWW.DOWNVIDS.NET-Tegan and Sara - Closer [OFFICIAL HD MUSIC VIDEO].mp3ended, took: 116803
2016-07-21 06:16:59.240 [pool-2-thread-4] INFO  utils.LogFileManager - operation on file : /home/mzeus/Music/Mor/encrypted/WWW.DOWNVIDS.NET-DJ Snake, Lil Jon - Turn Down for What.mp3ended, took: 117033
2016-07-21 06:17:00.339 [pool-2-thread-2] INFO  utils.LogFileManager - operation on file : /home/mzeus/Music/Mor/encrypted/WWW.DOWNVIDS.NET-David Guetta Feat. Kelly Rowland - When Love Takes Over (Official Video).mp3ended, took: 118132
2016-07-21 06:17:00.472 [pool-2-thread-5] INFO  utils.LogFileManager - operation on file : /home/mzeus/Music/Mor/encrypted/WWW.DOWNVIDS.NET-Yellow Claw & DJ Mustard - In My Room (feat. Ty Dolla $ign & Tyga) [Official Music Video].mp3ended, took: 118265
2016-07-21 06:17:00.770 [pool-2-thread-3] INFO  utils.LogFileManager - operation on file : /home/mzeus/Music/Mor/encrypted/WWW.DOWNVIDS.NET-Icona Pop - Someone Who Can Dance (Audio).mp3ended, took: 118563
2016-07-21 06:17:01.595 [pool-2-thread-4] INFO  utils.LogFileManager - operation on file : /home/mzeus/Music/Mor/encrypted/WWW.DOWNVIDS.NET-Elle King - Ex's & Oh's (Official Video).mp3ended, took: 119388
2016-07-21 06:17:01.928 [pool-2-thread-4] INFO  utils.LogFileManager - operation on file : /home/mzeus/Music/Mor/encrypted/WWW.DOWNVIDS.NET-The Black Eyed Peas - Pump It.mp3ended, took: 119721
2016-07-21 06:17:03.028 [pool-2-thread-4] INFO  utils.LogFileManager - operation on file : /home/mzeus/Music/Mor/encrypted/WWW.DOWNVIDS.NET-Ellie Goulding - Something In The Way You Move.mp3ended, took: 120821
2016-07-21 06:17:03.967 [pool-2-thread-4] INFO  utils.LogFileManager - operation on file : /home/mzeus/Music/Mor/encrypted/WWW.DOWNVIDS.NET-Mike Posner - I Took A Pill In Ibiza (Seeb Remix) (Explicit).mp3ended, took: 121760
2016-07-21 06:17:05.015 [pool-2-thread-2] INFO  utils.LogFileManager - operation on file : /home/mzeus/Music/Mor/encrypted/WWW.DOWNVIDS.NET-Justin Bieber - Company (Audio).mp3ended, took: 122808
2016-07-21 06:17:05.071 [pool-2-thread-2] INFO  utils.LogFileManager - operation on file : /home/mzeus/Music/Mor/encrypted/WWW.DOWNVIDS.NET-Taylor Berrett - Hypnotize Me (Official Music Video).mp3ended, took: 122864
2016-07-21 06:17:05.072 [pool-2-thread-2] INFO  utils.LogFileManager - operation on file : /home/mzeus/Music/Mor/encrypted/WWW.DOWNVIDS.NET-The Vaccines - Miracle (Audio).mp3ended, took: 122865
2016-07-21 06:17:05.202 [pool-2-thread-1] INFO  utils.LogFileManager - operation on file : /home/mzeus/Music/Mor/encrypted/WWW.DOWNVIDS.NET-Stereophonics - She's Alright.mp3ended, took: 122994
2016-07-21 06:17:05.299 [pool-2-thread-4] INFO  utils.LogFileManager - operation on file : /home/mzeus/Music/Mor/encrypted/WWW.DOWNVIDS.NET-The Colourist - We Won't Go Home (The Jane Doze Remix).mp3ended, took: 123091
2016-07-21 06:17:06.004 [pool-2-thread-2] INFO  utils.LogFileManager - operation on file : /home/mzeus/Music/Mor/encrypted/WWW.DOWNVIDS.NET-Kelly Clarkson - My Life Would Suck Without You.mp3ended, took: 123797
2016-07-21 06:17:06.037 [pool-2-thread-1] INFO  utils.LogFileManager - operation on file : /home/mzeus/Music/Mor/encrypted/WWW.DOWNVIDS.NET-Birdy - Keeping Your Head Up (Don Diablo Remix).mp3ended, took: 123830
2016-07-21 06:17:06.949 [pool-2-thread-4] INFO  utils.LogFileManager - operation on file : /home/mzeus/Music/Mor/encrypted/WWW.DOWNVIDS.NET-Sia - Cheap Thrills (Lyric Video) ft. Sean Paul.mp3ended, took: 124742
2016-07-21 06:17:07.326 [pool-2-thread-2] INFO  utils.LogFileManager - operation on file : /home/mzeus/Music/Mor/encrypted/WWW.DOWNVIDS.NET-AtellaGali - Close To Your Love ft. Amanda Renee.mp3ended, took: 125119
2016-07-21 06:17:07.401 [pool-2-thread-5] INFO  utils.LogFileManager - operation on file : /home/mzeus/Music/Mor/encrypted/WWW.DOWNVIDS.NET-Era Istrefi - Bonbon (Official Video).mp3ended, took: 125194
2016-07-21 06:17:07.571 [pool-2-thread-2] INFO  utils.LogFileManager - operation on file : /home/mzeus/Music/Mor/encrypted/WWW.DOWNVIDS.NET-Jonas Blue - Fast Car ft. Dakota.mp3ended, took: 125364
2016-07-21 06:17:07.609 [pool-2-thread-4] INFO  utils.LogFileManager - operation on file : /home/mzeus/Music/Mor/encrypted/WWW.DOWNVIDS.NET-Baby Blue - RUN feat Wretch 32 Official video.mp3ended, took: 125402
2016-07-21 06:17:07.627 [pool-2-thread-3] INFO  utils.LogFileManager - operation on file : /home/mzeus/Music/Mor/encrypted/WWW.DOWNVIDS.NET-CATCALL- The World Is Ours.mp3ended, took: 125420
2016-07-21 06:17:07.720 [pool-2-thread-4] INFO  utils.LogFileManager - operation on file : /home/mzeus/Music/Mor/encrypted/WWW.DOWNVIDS.NET-Rihanna - We Found Love ft. Calvin Harris.mp3ended, took: 125513
2016-07-21 06:17:08.193 [pool-2-thread-2] INFO  utils.LogFileManager - operation on file : /home/mzeus/Music/Mor/encrypted/WWW.DOWNVIDS2.mp3ended, took: 125986
2016-07-21 06:17:08.424 [pool-2-thread-2] INFO  utils.LogFileManager - operation on file : /home/mzeus/Music/Mor/encrypted/WWW.DOWNVIDS.NET-Rihanna feat. Drake - Work (Bad Royale Remix).mp3ended, took: 126217
2016-07-21 06:17:08.503 [pool-2-thread-1] INFO  utils.LogFileManager - operation on file : /home/mzeus/Music/Mor/encrypted/WWW.DOWNVIDS.NET-David Guetta - Bang My Head (Official Video) feat Sia & Fetty Wap.mp3ended, took: 126296
2016-07-21 06:17:09.056 [pool-2-thread-2] INFO  utils.LogFileManager - operation on file : /home/mzeus/Music/Mor/encrypted/WWW.DOWNVIDS.NET-Alex Clare - Treading Water.mp3ended, took: 126849
2016-07-21 06:17:09.219 [pool-2-thread-1] INFO  utils.LogFileManager - operation on file : /home/mzeus/Music/Mor/encrypted/WWW.DOWNVIDS.NET-Otto Knows - Dying For You (ft. Lindsey Stirling and Alex Aris) - OFFICIAL VIDEO.mp3ended, took: 127011
2016-07-21 06:17:09.351 [pool-2-thread-1] INFO  utils.LogFileManager - operation on file : /home/mzeus/Music/Mor/encrypted/WWW.DOWNVIDS.NET-DJ Snake, Lil Jon - Turn Down for What (1).mp3ended, took: 127144
2016-07-21 06:17:10.222 [pool-2-thread-1] INFO  utils.LogFileManager - operation on file : /home/mzeus/Music/Mor/encrypted/WWW.DOWNVIDS5.mp3ended, took: 128014
2016-07-21 06:17:10.656 [pool-2-thread-3] INFO  utils.LogFileManager - operation on file : /home/mzeus/Music/Mor/encrypted/WWW.DOWNVIDS.NET-Imagine Dragons - Shots (Broiler Remix).mp3ended, took: 128449
2016-07-21 06:17:10.806 [pool-2-thread-2] INFO  utils.LogFileManager - operation on file : /home/mzeus/Music/Mor/encrypted/WWW.DOWNVIDS.NET-Avicii - Levels (Radio Edit).mp3ended, took: 128599
2016-07-21 06:17:11.196 [pool-2-thread-2] INFO  utils.LogFileManager - operation on file : /home/mzeus/Music/Mor/encrypted/WWW.DOWNVIDS.NET-Basement Jaxx - Good Luck feat. Lisa Kekaula ( Official Video ) Kish Kash.mp3ended, took: 128989
2016-07-21 06:17:11.530 [pool-2-thread-2] INFO  utils.LogFileManager - operation on file : /home/mzeus/Music/Mor/encrypted/WWW.DOWNVIDS.NET-Blutengel -You Walk Away-.mp3ended, took: 129323
2016-07-21 06:17:11.868 [pool-2-thread-2] INFO  utils.LogFileManager - operation on file : /home/mzeus/Music/Mor/encrypted/WWW.DOWNVIDS.NET-Shoffy - Takes My Body Higher (feat. Lincoln Jesser).mp3ended, took: 129661
2016-07-21 06:17:11.894 [pool-2-thread-2] INFO  utils.LogFileManager - operation on file : /home/mzeus/Music/Mor/encrypted/WWW.DOWNVIDS.NET-Kygo - Stay ft. Maty Noyes.mp3ended, took: 129687
2016-07-21 06:17:12.294 [pool-2-thread-1] INFO  utils.LogFileManager - operation on file : /home/mzeus/Music/Mor/encrypted/WWW.DOWNVIDS.NET-Fergie - Fergalicious.mp3ended, took: 130087
2016-07-21 06:17:12.679 [pool-2-thread-1] INFO  utils.LogFileManager - operation on file : /home/mzeus/Music/Mor/encrypted/WWW.DOWNVIDS.NET-The Chainsmokers - Roses (Audio) ft. ROZES.mp3ended, took: 130472
2016-07-21 06:17:13.302 [pool-2-thread-1] INFO  utils.LogFileManager - operation on file : /home/mzeus/Music/Mor/encrypted/WWW.DOWNVIDS.NET-Gin Blossoms - Hey Jealousy.mp3ended, took: 131095
2016-07-21 06:17:13.556 [pool-2-thread-1] INFO  utils.LogFileManager - operation on file : /home/mzeus/Music/Mor/encrypted/WWW.DOWNVIDS.NET-Foo Fighters - Back & Forth.mp3ended, took: 131349
2016-07-21 06:17:14.179 [pool-2-thread-1] INFO  utils.LogFileManager - operation on file : /home/mzeus/Music/Mor/encrypted/WWW.DOWNVIDS.NET-Alessia Cara - Wild Things.mp3ended, took: 131972
2016-07-21 06:17:14.346 [pool-2-thread-1] INFO  utils.LogFileManager - operation on file : /home/mzeus/Music/Mor/encrypted/WWW.DOWNVIDS.NET-Diplo & Sleepy Tom - Be Right There.mp3ended, took: 132139
2016-07-21 06:17:14.556 [pool-2-thread-3] INFO  utils.LogFileManager - operation on file : /home/mzeus/Music/Mor/encrypted/WWW.DOWNVIDS.NET-Eric Hutchinson - A Little More (Official).mp3ended, took: 132349
2016-07-21 06:17:15.058 [pool-2-thread-5] INFO  utils.LogFileManager - operation on file : /home/mzeus/Music/Mor/encrypted/WWW.DOWNVIDS.NET-All Night Long (feat. Missy Elliott & Timbaland) - Demi Lovato [Official Audio].mp3ended, took: 132851
2016-07-21 06:17:15.115 [pool-2-thread-3] INFO  utils.LogFileManager - operation on file : /home/mzeus/Music/Mor/encrypted/WWW.DOWNVIDS.NET-David Guetta - Hey Mama (Official Video) ft Nicki Minaj, Bebe Rexha & Afrojack.mp3ended, took: 132908
2016-07-21 06:17:15.178 [pool-2-thread-3] INFO  utils.LogFileManager - operation on file : /home/mzeus/Music/Mor/encrypted/WWW.DOWNVIDS.NET-The Man Who Never Lied Lyrics Maroon 5.mp3ended, took: 132970
2016-07-21 06:17:15.355 [pool-2-thread-5] INFO  utils.LogFileManager - operation on file : /home/mzeus/Music/Mor/encrypted/WWW.DOWNVIDS.NET-Kitten - Japanese Eyes [Official Video].mp3ended, took: 133148
2016-07-21 06:17:16.322 [pool-2-thread-5] INFO  utils.LogFileManager - operation on file : /home/mzeus/Music/Mor/encrypted/WWW.DOWNVIDS.NET-Panic! At The Disco- Collar Full (Audio).mp3ended, took: 134115
2016-07-21 06:17:16.639 [pool-2-thread-1] INFO  utils.LogFileManager - operation on file : /home/mzeus/Music/Mor/encrypted/WWW.DOWNVIDS.NET-DNCE - Cake By The Ocean.mp3ended, took: 134432
2016-07-21 06:17:17.204 [pool-2-thread-1] INFO  utils.LogFileManager - operation on file : /home/mzeus/Music/Mor/encrypted/WWW.DOWNVIDS.NET-Gold Guns Girls [Official Music Video] - METRIC.mp3ended, took: 134997
2016-07-21 06:17:17.539 [pool-2-thread-3] INFO  utils.LogFileManager - operation on file : /home/mzeus/Music/Mor/encrypted/WWW.DOWNVIDS.NET - Be Right There.mp3ended, took: 135332
2016-07-21 06:17:17.758 [pool-2-thread-1] INFO  utils.LogFileManager - operation on file : /home/mzeus/Music/Mor/encrypted/WWW.DOWNVIDS.NET-Fall Out Boy - Centuries (Official Video).mp3ended, took: 135551
2016-07-21 06:17:18.006 [pool-2-thread-1] INFO  utils.LogFileManager - operation on file : /home/mzeus/Music/Mor/encrypted/WWW.DOWNVIDS.NET-Chingy Featuring Ludacris And Snoop Dogg - Holidae In.mp3ended, took: 135799
2016-07-21 06:17:18.025 [pool-2-thread-5] INFO  utils.LogFileManager - operation on file : /home/mzeus/Music/Mor/encrypted/WWW.DOWNVIDS.NET-Vampire Weekend Unbelievers Lyric Music Video.mp3ended, took: 135818
2016-07-21 06:17:18.111 [pool-2-thread-1] INFO  utils.LogFileManager - operation on file : /home/mzeus/Music/Mor/encrypted/WWW.DOWNVIDS.NET-Pitbull, Ne-Yo - Time Of Our Lives.mp3ended, took: 135904
2016-07-21 06:17:20.165 [pool-2-thread-3] INFO  utils.LogFileManager - operation on file : /home/mzeus/Music/Mor/encrypted/WWW.DOWNVIDS.NET-Timeflies - Once In A While (Lyric Video).mp3ended, took: 137958
2016-07-21 06:17:20.220 [pool-2-thread-5] INFO  utils.LogFileManager - operation on file : /home/mzeus/Music/Mor/encrypted/WWW.DOWNVIDS.NET-Shawn Hook - Sound Of Your Heart.mp3ended, took: 138013
2016-07-21 06:17:20.342 [pool-2-thread-5] INFO  utils.LogFileManager - operation on file : /home/mzeus/Music/Mor/encrypted/WWW.DOWNVIDS.NET-The Chainsmokers - Don't Let Me Down (Audio) ft. Daya.mp3ended, took: 138135
2016-07-21 06:17:20.427 [pool-2-thread-5] INFO  utils.LogFileManager - operation on file : /home/mzeus/Music/Mor/encrypted/WWW.DOWNVIDS.NET-Iggy Azalea - Team (Dance Video).mp3ended, took: 138220
2016-07-21 06:17:22.005 [pool-2-thread-5] INFO  utils.LogFileManager - operation on file : /home/mzeus/Music/Mor/encrypted/WWW.DOWNVIDS.NET-DMX - X Gon Give It To Ya (Dirty).mp3ended, took: 139798
2016-07-21 06:17:22.571 [pool-2-thread-3] INFO  utils.LogFileManager - operation on file : /home/mzeus/Music/Mor/encrypted/WWW.DOWNVIDS.NET-Ty Dolla $ign - Saved ft. E-40 [Music Video].mp3ended, took: 140364
2016-07-21 06:17:22.596 [pool-2-thread-3] INFO  utils.LogFileManager - operation on file : /home/mzeus/Music/Mor/encrypted/WWW.DOWNVIDS.NET-P!nk - So What.mp3ended, took: 140389
2016-07-21 06:17:22.612 [pool-2-thread-3] INFO  utils.LogFileManager - operation on file : /home/mzeus/Music/Mor/encrypted/WWW.DOWNVIDS.NET-5. Drake-I'm Goin In(Ft.Lil Wayne & Young Jeezy).mp3ended, took: 140405
2016-07-21 06:17:23.024 [pool-2-thread-5] INFO  utils.LogFileManager - operation on file : /home/mzeus/Music/Mor/encrypted/WWW.DOWNVIDS.NET-DJ Snake - Middle (Audio) ft. Bipolar Sunshine.mp3ended, took: 140817
2016-07-21 06:17:23.582 [pool-2-thread-3] INFO  utils.LogFileManager - operation on file : /home/mzeus/Music/Mor/encrypted/WWW.DOWNVIDS.NET-Bloc Party - Truth (Official Video).mp3ended, took: 141375
2016-07-21 06:17:23.614 [pool-2-thread-5] INFO  utils.LogFileManager - operation on file : /home/mzeus/Music/Mor/encrypted/WWW.DOWNVIDS.NET-Robin Schulz - Sugar (feat. Francesco Yates) (OFFICIAL MUSIC VIDEO).mp3ended, took: 141407
2016-07-21 06:17:24.069 [pool-2-thread-5] INFO  utils.LogFileManager - operation on file : /home/mzeus/Music/Mor/encrypted/WWW.DOWNVIDS.NET-Placebo - Rob The Bank (ALTERNATE DIRECTOR VERSION).mp3ended, took: 141862
2016-07-21 06:17:24.129 [pool-2-thread-3] INFO  utils.LogFileManager - operation on file : /home/mzeus/Music/Mor/encrypted/WWW.DOWNVIDS.NET-Rihanna - Don't Stop The Music.mp3ended, took: 141922
2016-07-21 06:17:24.410 [pool-2-thread-3] INFO  utils.LogFileManager - operation on file : /home/mzeus/Music/Mor/encrypted/WWW.DOWNVIDS.mp3ended, took: 142203
2016-07-21 06:17:24.619 [pool-2-thread-5] INFO  utils.LogFileManager - operation on file : /home/mzeus/Music/Mor/encrypted/WWW.DOWNVIDS.NET-The Chainsmokers - Roses (Audio) ft. ROZES (1).mp3ended, took: 142412
2016-07-21 06:17:24.715 [pool-2-thread-5] INFO  utils.LogFileManager - operation on file : /home/mzeus/Music/Mor/encrypted/WWW.DOWNVIDS.NET-Fort Minor ft. Styles Of Beyond - Remember The Name (Official Music Video) [Full HD 1080p].mp3ended, took: 142508
2016-07-21 06:17:25.639 [pool-2-thread-5] INFO  utils.LogFileManager - operation on file : /home/mzeus/Music/Mor/encrypted/WWW.DOWNVIDS.NET-HAIM - Don't Save Me.mp3ended, took: 143432
2016-07-21 06:17:25.841 [pool-2-thread-3] INFO  utils.LogFileManager - operation on file : /home/mzeus/Music/Mor/encrypted/WWW.DOWNVIDS.NET-Missy Elliott feat. Ciara & Fat Man Scoop - Lose Control + On & On.mp3ended, took: 143634
2016-07-21 06:17:26.174 [pool-2-thread-5] INFO  utils.LogFileManager - operation on file : /home/mzeus/Music/Mor/encrypted/WWW.DOWNVIDS.NET-Celeste Buckingham - RUN RUN RUN (Official VideoClip).mp3ended, took: 143967
2016-07-21 06:17:26.352 [pool-2-thread-5] INFO  utils.LogFileManager - operation on file : /home/mzeus/Music/Mor/encrypted/WWW.DOWNVIDS.NET-DJ Khaled - All I Do Is Win ft. T-Pain, Ludacris, Rick Ross, Snoop Dogg.mp3ended, took: 144145
2016-07-21 06:17:27.064 [pool-2-thread-3] INFO  utils.LogFileManager - operation on file : /home/mzeus/Music/Mor/encrypted/WWW.DOWNVIDS.NET-Cheat Codes x Kris Kross Amsterdam - SEX (Official Music Video).mp3ended, took: 144857
2016-07-21 06:17:28.196 [pool-2-thread-3] INFO  utils.LogFileManager - operation on file : /home/mzeus/Music/Mor/encrypted/WWW.DOWNVIDS.NET-Flo Rida - Good Feeling [Official Video].mp3ended, took: 145989
2016-07-21 06:17:28.580 [pool-2-thread-5] INFO  utils.LogFileManager - operation on file : /home/mzeus/Music/Mor/encrypted/WWW.DOWNVIDS.NET-PVRIS - You and I (Official Music Video).mp3ended, took: 146373
2016-07-21 06:17:31.017 [pool-2-thread-3] INFO  utils.LogFileManager - operation on file : /home/mzeus/Music/Mor/encrypted/WWW.DOWNVIDS.NET-Rudimental - Waiting All Night ft. Ella Eyre [Official Video].mp3ended, took: 148810
2016-07-21 06:17:31.124 [pool-2-thread-3] INFO  utils.LogFileManager - operation on file : /home/mzeus/Music/Mor/encrypted/WWW.DOWNVIDS.NET-Rage Against The Machine - Killing In the Name.mp3ended, took: 148917
2016-07-21 06:17:33.230 [pool-2-thread-3] INFO  utils.LogFileManager - operation on file : /home/mzeus/Music/Mor/encrypted/WWW.DOWNVIDS3.mp3ended, took: 151023
2016-07-21 06:17:34.366 [pool-2-thread-5] INFO  utils.LogFileManager - operation on file : /home/mzeus/Music/Mor/encrypted/WWW.DOWNVIDS.NET-Swedish House Mafia - Greyhound (Original Mix).mp3ended, took: 152159
2016-07-21 06:17:34.600 [pool-2-thread-5] INFO  utils.LogFileManager - operation on file : /home/mzeus/Music/Mor/encrypted/WWW.DOWNVIDS.NET-Faithless - Salva Mea 2.0 (Above & Beyond Remix).mp3ended, took: 152393
